<?xml version="1.0" encoding="UTF-8"?>
<!-- Generated by org.testng.reporters.JUnitReportReporter -->
<testsuite hostname="BISWA-PC" name="cybageTestListenersDemo.ListenerDemo" tests="1" failures="0" timestamp="20 Jun 2016 18:23:36 GMT" time="0.050" errors="0">
  <testcase name="test" time="0.050" classname="cybageTestListenersDemo.ListenerDemo"/>
</testsuite> <!-- cybageTestListenersDemo.ListenerDemo -->
